<?xml version="1.0" encoding="UTF-8"?>
<!-- Generated by org.testng.reporters.JUnitXMLReporter -->
<testsuite ignored="0" hostname="DESKTOP-N05JKM3" failures="0" tests="3" name="ChromeTest" time="32.688" errors="0" timestamp="2022-09-25T07:22:14 PDT">
  <testcase classname="test.VerifyAmazonHomePage" name="SignUpPage" time="1.206"/>
  <testcase classname="test.VerifyAmazonHomePage" name="addToCart" time="5.831"/>
  <testcase classname="test.VerifyAmazonHomePage" name="verifyLanguage" time="2.591"/>
</testsuite> <!-- ChromeTest -->
