<?xml version="1.0" encoding="UTF-8"?>
<!-- Generated by org.testng.reporters.JUnitXMLReporter -->
<testsuite ignored="0" hostname="DESKTOP-N05JKM3" failures="0" tests="3" name="FirefoxTest" time="24.396" errors="0" timestamp="2022-09-25T07:22:39 PDT">
  <testcase classname="test.VerifyAmazonHomePage" name="SignUpPage" time="0.019"/>
  <testcase classname="test.VerifyAmazonHomePage" name="addToCart" time="2.168"/>
  <testcase classname="test.VerifyAmazonHomePage" name="verifyLanguage" time="1.92"/>
</testsuite> <!-- FirefoxTest -->
